<?xml version="1.0" encoding="UTF-8"?>
<!-- Generated by org.testng.reporters.JUnitReportReporter -->
<testsuite hostname="DESKTOP-2MNIJUS" failures="0" tests="1" name="Practice.Sample" time="0.013" errors="0" timestamp="2023-04-27T10:09:50 IST" skipped="0">
  <testcase classname="Practice.Sample" name="method" time="0.013"/>
  <system-out/>
</testsuite> <!-- Practice.Sample -->
